2025-01-29 23:04:42,268 - INFO - [31m[1mWARNING: This is a development server. Do not use it in a production deployment. Use a production WSGI server instead.[0m
 * Running on http://127.0.0.1:5000
2025-01-29 23:04:42,268 - INFO - [33mPress CTRL+C to quit[0m
2025-01-29 23:04:42,269 - INFO -  * Restarting with stat
2025-01-29 23:04:43,918 - WARNING -  * Debugger is active!
2025-01-29 23:04:43,921 - INFO -  * Debugger PIN: 125-631-780
2025-01-29 23:05:56,242 - INFO -  * Detected change in 'E:\\HealthRiskAI\\backend\\ml\\trained_models\\ml_server.py', reloading
2025-01-29 23:05:56,415 - INFO -  * Restarting with stat
2025-02-02 16:33:07,768 - ERROR - Model file not found: E:\HealthRiskAI\backend\ml\trained_models\health_risk_model.pkl
2025-02-02 16:33:09,510 - ERROR - Model file not found: E:\HealthRiskAI\backend\ml\trained_models\health_risk_model.pkl
2025-02-02 16:37:25,143 - ERROR - Error predicting with diabetes: X has 7 features, but RandomForestClassifier is expecting 4 features as input.
2025-02-02 16:37:25,144 - ERROR - Error predicting with heart_disease: X has 7 features, but RandomForestClassifier is expecting 5 features as input.
2025-02-02 16:37:25,144 - ERROR - Error predicting with respiratory: X has 7 features, but RandomForestClassifier is expecting 5 features as input.
2025-02-02 16:37:25,145 - ERROR - Error predicting with blood_pressure: X has 7 features, but RandomForestClassifier is expecting 4 features as input.
2025-02-02 17:33:37,330 - ERROR - Error predicting with heart_disease: Missing required features for heart_disease: ['hypertension']
2025-02-02 17:33:37,331 - ERROR - Error predicting with respiratory: X has 4 features, but RandomForestClassifier is expecting 5 features as input.
2025-02-02 17:33:37,332 - ERROR - Error predicting with blood_pressure: X has 5 features, but RandomForestClassifier is expecting 4 features as input.
2025-02-02 23:05:11,495 - ERROR - Error predicting with respiratory: 1 is not in list
2025-02-02 23:05:14,890 - ERROR - Error predicting with respiratory: 1 is not in list
2025-02-02 23:05:17,236 - ERROR - Error predicting with respiratory: 1 is not in list
2025-02-02 23:08:19,331 - ERROR - Error predicting with respiratory: 1 is not in list
2025-02-02 23:37:47,143 - ERROR - Error predicting with respiratory: 1 is not in list
2025-02-02 23:45:39,658 - ERROR - Error predicting with respiratory: 1 is not in list
2025-02-02 23:47:30,130 - ERROR - Error predicting with respiratory: 1 is not in list
2025-02-02 23:57:49,171 - ERROR - Error predicting with respiratory: 1 is not in list
2025-02-02 23:57:54,023 - ERROR - Error predicting with respiratory: 1 is not in list
2025-02-03 00:00:21,105 - ERROR - Error predicting with respiratory: 1 is not in list
2025-02-03 00:04:18,720 - ERROR - Error predicting with respiratory: 1 is not in list
2025-02-03 00:04:27,603 - ERROR - Error predicting with respiratory: 1 is not in list
2025-02-03 01:20:28,872 - ERROR - Error predicting with respiratory: 1 is not in list
2025-02-03 01:35:36,632 - ERROR - Error predicting with respiratory: 2 is not in list
2025-02-03 01:39:39,685 - ERROR - Error predicting with respiratory: 2 is not in list
2025-02-03 01:45:21,988 - ERROR - Error predicting with respiratory: 2 is not in list
2025-02-03 13:15:25,129 - ERROR - Error predicting with respiratory: 2 is not in list
2025-02-03 13:33:28,542 - ERROR - Error predicting with respiratory: 2 is not in list
2025-02-03 13:37:09,127 - ERROR - Error predicting with respiratory: 2 is not in list
2025-02-03 13:54:24,752 - ERROR - Error predicting with respiratory: 2 is not in list
2025-02-03 14:03:17,221 - ERROR - Error predicting with respiratory: 2 is not in list
2025-02-03 14:23:17,534 - ERROR - Error predicting with respiratory: 2 is not in list
2025-02-03 22:22:56,647 - ERROR - Error predicting with respiratory: 2 is not in list
2025-02-03 22:45:44,279 - ERROR - Error predicting with respiratory: 1 is not in list
2025-02-03 22:51:22,041 - ERROR - Error predicting with respiratory: 1 is not in list
2025-02-03 22:53:00,628 - ERROR - Error predicting with respiratory: 2 is not in list
2025-03-28 14:47:48,443 - ERROR - Error predicting with respiratory: 0 is not in list
2025-03-28 14:56:19,713 - ERROR - Error predicting with respiratory: 2 is not in list
2025-03-28 15:37:12,412 - ERROR - Error predicting with respiratory: 2 is not in list
2025-03-28 15:59:47,811 - ERROR - Error predicting with respiratory: 0 is not in list
2025-03-28 16:16:40,869 - ERROR - Error predicting with respiratory: 2 is not in list
2025-03-28 16:19:54,103 - ERROR - Error predicting with respiratory: ['low', 'medium', 'high'] is not in list
2025-03-28 16:28:27,361 - ERROR - Error predicting with respiratory: 1 is not in list
2025-03-28 16:35:05,048 - ERROR - Error predicting with respiratory: Invalid environmental exposure value: 2
2025-03-28 16:38:55,388 - ERROR - Error predicting with respiratory: Invalid environmental exposure value: 0
